<?xml version="1.0" encoding="UTF-8"?>
<!-- Generated by org.testng.reporters.JUnitReportReporter -->
<testsuite hostname="LAPTOP-688SGPSJ" failures="0" tests="1" name="com.runnerclass.TestRunnerClass" time="0.014" errors="0" timestamp="2024-12-17T13:55:41 IST" skipped="0">
  <testcase classname="com.runnerclass.TestRunnerClass" name="execute" time="0.014"/>
  <system-out/>
</testsuite> <!-- com.runnerclass.TestRunnerClass -->
