<?xml version="1.0" encoding="UTF-8"?>
<!-- Generated by org.testng.reporters.JUnitReportReporter -->
<testsuite hostname="LAPTOP-688SGPSJ" failures="0" tests="1" name="com.runnerclass.Simple" time="0.011" errors="0" timestamp="2024-12-17T14:15:40 IST" skipped="0">
  <testcase classname="com.runnerclass.Simple" name="sample" time="0.011"/>
  <system-out/>
</testsuite> <!-- com.runnerclass.Simple -->
