<?xml version="1.0" encoding="UTF-8"?>
<!-- Generated by org.testng.reporters.JUnitReportReporter -->
<testsuite hostname="LAPTOP-688SGPSJ" failures="0" tests="1" name="com.normalclass.TestNG" time="0.019" errors="0" timestamp="2024-12-17T13:41:59 IST" skipped="0">
  <testcase classname="com.normalclass.TestNG" name="normal" time="0.019"/>
  <system-out/>
</testsuite> <!-- com.normalclass.TestNG -->
