<?xml version="1.0" encoding="UTF-8"?>
<!-- Generated by org.testng.reporters.JUnitReportReporter -->
<testsuite hostname="LAPTOP-688SGPSJ" failures="0" tests="5" name="com.runnerclass.Data_Providers" time="10.628" errors="0" timestamp="2024-12-26T11:09:59 IST" skipped="0">
  <testcase classname="com.runnerclass.Data_Providers" name="tc03" time="0.389"/>
  <system-out/>
  <testcase classname="com.runnerclass.Data_Providers" name="tc02" time="0.576"/>
  <system-out/>
  <testcase classname="com.runnerclass.Data_Providers" name="tc02" time="0.542"/>
  <system-out/>
  <testcase classname="com.runnerclass.Data_Providers" name="tc01" time="8.541"/>
  <system-out/>
  <testcase classname="com.runnerclass.Data_Providers" name="tc02" time="0.580"/>
  <system-out/>
</testsuite> <!-- com.runnerclass.Data_Providers -->
