<?xml version="1.0" encoding="UTF-8"?>
<!-- Generated by org.testng.reporters.JUnitReportReporter -->
<testsuite hostname="LAPTOP-688SGPSJ" failures="0" tests="1" name="com.runnerclass.Test_Runner" time="0.017" errors="0" timestamp="2024-12-18T10:31:04 IST" skipped="0">
  <testcase classname="com.runnerclass.Test_Runner" name="sampleTest" time="0.017"/>
  <system-out/>
</testsuite> <!-- com.runnerclass.Test_Runner -->
