<?xml version="1.0" encoding="UTF-8"?>
<!-- Generated by org.testng.reporters.JUnitReportReporter -->
<testsuite hostname="LAPTOP-688SGPSJ" failures="0" tests="3" name="com.runnerclass.TestNG_Parameters" time="5.335" errors="0" timestamp="2024-12-20T11:43:00 IST" skipped="0">
  <testcase classname="com.runnerclass.TestNG_Parameters" name="browserLaunch" time="4.073"/>
  <system-out/>
  <testcase classname="com.runnerclass.TestNG_Parameters" name="getUrl" time="0.887"/>
  <system-out/>
  <testcase classname="com.runnerclass.TestNG_Parameters" name="login" time="0.375"/>
  <system-out/>
</testsuite> <!-- com.runnerclass.TestNG_Parameters -->
