<?xml version="1.0" encoding="UTF-8"?>
<!-- Generated by org.testng.reporters.JUnitReportReporter -->
<testsuite hostname="LAPTOP-688SGPSJ" failures="0" tests="2" name="com.runnerclass.TestNG_Execution" time="5.136" errors="0" timestamp="2024-12-20T10:29:32 IST" skipped="0">
  <testcase classname="com.runnerclass.TestNG_Execution" name="browserLaunch" time="3.926"/>
  <system-out/>
  <testcase classname="com.runnerclass.TestNG_Execution" name="getUrl" time="1.210"/>
  <system-out/>
</testsuite> <!-- com.runnerclass.TestNG_Execution -->
